# JRE version: Java(TM) SE Runtime Environment (8.0_31-b13) (build 1.8.0_31-b13)
# Java VM: Java HotSpot(TM) Client VM (25.31-b07 mixed mode windows-x86 )
Heap:
 def new generation   total 15552K, used 12778K [0x04400000, 0x054e0000, 0x09950000)
  eden space 13824K,  80% used [0x04400000, 0x04ed2288, 0x05180000)
  from space 1728K,  98% used [0x05180000, 0x05328928, 0x05330000)
  to   space 1728K,   0% used [0x05330000, 0x05330000, 0x054e0000)
 tenured generation   total 34356K, used 32492K [0x09950000, 0x0badd000, 0x14400000)
   the space 34356K,  94% used [0x09950000, 0x0b90b158, 0x0b90b200, 0x0badd000)
 Metaspace       used 31573K, capacity 33312K, committed 33408K, reserved 34176K
GC Heap History (10 events):
Event: 4.873 GC heap before
{Heap before GC invocations=41 (full 4):
 def new generation   total 15552K, used 14184K [0x04400000, 0x054e0000, 0x09950000)
  eden space 13824K, 100% used [0x04400000, 0x05180000, 0x05180000)
  from space 1728K,  20% used [0x05330000, 0x0538a1b0, 0x054e0000)
  to   space 1728K,   0% used [0x05180000, 0x05180000, 0x05330000)
 tenured generation   total 34356K, used 25840K [0x09950000, 0x0badd000, 0x14400000)
   the space 34356K,  75% used [0x09950000, 0x0b28c3b0, 0x0b28c400, 0x0badd000)
 Metaspace       used 28139K, capacity 29743K, committed 29824K, reserved 30080K
Event: 4.880 GC heap after
Heap after GC invocations=42 (full 4):
 def new generation   total 15552K, used 1727K [0x04400000, 0x054e0000, 0x09950000)
  eden space 13824K,   0% used [0x04400000, 0x04400000, 0x05180000)
  from space 1728K,  99% used [0x05180000, 0x0532fff8, 0x05330000)
  to   space 1728K,   0% used [0x05330000, 0x05330000, 0x054e0000)
 tenured generation   total 34356K, used 26179K [0x09950000, 0x0badd000, 0x14400000)
   the space 34356K,  76% used [0x09950000, 0x0b2e0d20, 0x0b2e0e00, 0x0badd000)
 Metaspace       used 28139K, capacity 29743K, committed 29824K, reserved 30080K
}
Event: 5.917 GC heap before
{Heap before GC invocations=42 (full 4):
 def new generation   total 15552K, used 15551K [0x04400000, 0x054e0000, 0x09950000)
  eden space 13824K, 100% used [0x04400000, 0x05180000, 0x05180000)
  from space 1728K,  99% used [0x05180000, 0x0532fff8, 0x05330000)
  to   space 1728K,   0% used [0x05330000, 0x05330000, 0x054e0000)
 tenured generation   total 34356K, used 26179K [0x09950000, 0x0badd000, 0x14400000)
   the space 34356K,  76% used [0x09950000, 0x0b2e0d20, 0x0b2e0e00, 0x0badd000)
 Metaspace       used 29576K, capacity 31265K, committed 31360K, reserved 32128K
Event: 5.926 GC heap after
Heap after GC invocations=43 (full 4):
 def new generation   total 15552K, used 1728K [0x04400000, 0x054e0000, 0x09950000)
  eden space 13824K,   0% used [0x04400000, 0x04400000, 0x05180000)
  from space 1728K, 100% used [0x05330000, 0x054e0000, 0x054e0000)
  to   space 1728K,   0% used [0x05180000, 0x05180000, 0x05330000)
 tenured generation   total 34356K, used 27912K [0x09950000, 0x0badd000, 0x14400000)
   the space 34356K,  81% used [0x09950000, 0x0b492378, 0x0b492400, 0x0badd000)
 Metaspace       used 29576K, capacity 31265K, committed 31360K, reserved 32128K
}
Event: 15.210 GC heap before
{Heap before GC invocations=43 (full 4):
 def new generation   total 15552K, used 15552K [0x04400000, 0x054e0000, 0x09950000)
  eden space 13824K, 100% used [0x04400000, 0x05180000, 0x05180000)
  from space 1728K, 100% used [0x05330000, 0x054e0000, 0x054e0000)
  to   space 1728K,   0% used [0x05180000, 0x05180000, 0x05330000)
 tenured generation   total 34356K, used 27912K [0x09950000, 0x0badd000, 0x14400000)
   the space 34356K,  81% used [0x09950000, 0x0b492378, 0x0b492400, 0x0badd000)
 Metaspace       used 30409K, capacity 32159K, committed 32256K, reserved 33152K
Event: 15.217 GC heap after
Heap after GC invocations=44 (full 4):
 def new generation   total 15552K, used 1728K [0x04400000, 0x054e0000, 0x09950000)
  eden space 13824K,   0% used [0x04400000, 0x04400000, 0x05180000)
  from space 1728K, 100% used [0x05180000, 0x05330000, 0x05330000)
  to   space 1728K,   0% used [0x05330000, 0x05330000, 0x054e0000)
 tenured generation   total 34356K, used 28705K [0x09950000, 0x0badd000, 0x14400000)
   the space 34356K,  83% used [0x09950000, 0x0b5586c8, 0x0b558800, 0x0badd000)
 Metaspace       used 30409K, capacity 32159K, committed 32256K, reserved 33152K
}
Event: 216.038 GC heap before
{Heap before GC invocations=44 (full 4):
 def new generation   total 15552K, used 15552K [0x04400000, 0x054e0000, 0x09950000)
  eden space 13824K, 100% used [0x04400000, 0x05180000, 0x05180000)
  from space 1728K, 100% used [0x05180000, 0x05330000, 0x05330000)
  to   space 1728K,   0% used [0x05330000, 0x05330000, 0x054e0000)
 tenured generation   total 34356K, used 28705K [0x09950000, 0x0badd000, 0x14400000)
   the space 34356K,  83% used [0x09950000, 0x0b5586c8, 0x0b558800, 0x0badd000)
 Metaspace       used 31456K, capacity 33179K, committed 33280K, reserved 34176K
Event: 216.049 GC heap after
Heap after GC invocations=45 (full 4):
 def new generation   total 15552K, used 1728K [0x04400000, 0x054e0000, 0x09950000)
  eden space 13824K,   0% used [0x04400000, 0x04400000, 0x05180000)
  from space 1728K, 100% used [0x05330000, 0x054e0000, 0x054e0000)
  to   space 1728K,   0% used [0x05180000, 0x05180000, 0x05330000)
 tenured generation   total 34356K, used 31224K [0x09950000, 0x0badd000, 0x14400000)
   the space 34356K,  90% used [0x09950000, 0x0b7ce1e8, 0x0b7ce200, 0x0badd000)
 Metaspace       used 31456K, capacity 33179K, committed 33280K, reserved 34176K
}
Event: 218.217 GC heap before
{Heap before GC invocations=45 (full 4):
 def new generation   total 15552K, used 15552K [0x04400000, 0x054e0000, 0x09950000)
  eden space 13824K, 100% used [0x04400000, 0x05180000, 0x05180000)
  from space 1728K, 100% used [0x05330000, 0x054e0000, 0x054e0000)
  to   space 1728K,   0% used [0x05180000, 0x05180000, 0x05330000)
 tenured generation   total 34356K, used 31224K [0x09950000, 0x0badd000, 0x14400000)
   the space 34356K,  90% used [0x09950000, 0x0b7ce1e8, 0x0b7ce200, 0x0badd000)
 Metaspace       used 31459K, capacity 33179K, committed 33280K, reserved 34176K
Event: 218.225 GC heap after
Heap after GC invocations=46 (full 4):
 def new generation   total 15552K, used 1698K [0x04400000, 0x054e0000, 0x09950000)
  eden space 13824K,   0% used [0x04400000, 0x04400000, 0x05180000)
  from space 1728K,  98% used [0x05180000, 0x05328928, 0x05330000)
  to   space 1728K,   0% used [0x05330000, 0x05330000, 0x054e0000)
 tenured generation   total 34356K, used 32492K [0x09950000, 0x0badd000, 0x14400000)
   the space 34356K,  94% used [0x09950000, 0x0b90b158, 0x0b90b200, 0x0badd000)
 Metaspace       used 31459K, capacity 33179K, committed 33280K, reserved 34176K
}

